[2018-07-12 18:21:49,685-getMorning.py-INFO: Start catching......]
[2018-07-12 18:21:56,677-sendEmail.py-INFO: 发送邮件成功！！！]
[2018-07-12 18:21:56,677-sendEmail.py-INFO: 发件人：=?utf-8?b?5bCP6IOh5a2QSGFzbw==?= <422206217@qq.com>收件人：422206217@qq.com]
[2018-07-12 18:21:56,840-getMorning.py-INFO: 早报任务执行完成 time: Thu Jul 12 18:21:56 2018]
[2018-07-12 18:21:56,840-schedDo.py-WARNING: 两小时仍未抓到，当日无早报！！]
[2018-07-12 18:24:34,788-getMorning.py-INFO: Start catching......]
[2018-07-12 18:24:42,001-sendEmail.py-INFO: 发送邮件成功！！！]
[2018-07-12 18:24:42,001-sendEmail.py-INFO: 发件人：=?utf-8?b?5bCP6IOh5a2QSGFzbw==?= <422206217@qq.com>收件人：422206217@qq.com]
[2018-07-12 18:24:42,162-getMorning.py-INFO: 早报任务执行完成 time: Thu Jul 12 18:24:42 2018]
[2018-07-12 18:26:39,106-getMorning.py-INFO: Start catching......]
[2018-07-12 18:26:45,529-sendEmail.py-INFO: 发送邮件成功！！！]
[2018-07-12 18:26:45,529-sendEmail.py-INFO: 发件人：=?utf-8?b?5bCP6IOh5a2QSGFzbw==?= <422206217@qq.com>收件人：422206217@qq.com]
[2018-07-12 18:26:45,706-getMorning.py-INFO: 早报任务执行完成]
[2018-07-12 18:26:45,706-schedDo.py-INFO: 早报任务执行完成！！！]
[2018-07-12 18:27:27,185-getMorning.py-INFO: Start catching......]
[2018-07-12 18:27:33,348-sendEmail.py-INFO: 发送邮件成功！！！]
[2018-07-12 18:27:33,348-sendEmail.py-INFO: 发件人：=?utf-8?b?5bCP6IOh5a2QSGFzbw==?= <422206217@qq.com>收件人：422206217@qq.com]
[2018-07-12 18:27:33,509-getMorning.py-INFO: 早报任务执行完成]
[2018-07-12 18:28:12,151-getMorning.py-INFO: Start catching......]
[2018-07-12 18:28:18,558-sendEmail.py-INFO: 发送邮件成功！！！]
[2018-07-12 18:28:18,559-sendEmail.py-INFO: 发件人：=?utf-8?b?5bCP6IOh5a2QSGFzbw==?= <422206217@qq.com>收件人：422206217@qq.com]
[2018-07-12 18:28:18,718-getMorning.py-INFO: 早报任务执行完成]
